Arguments: 
  C:\Program Files\nodejs\node.exe C:\Program Files\nodejs\node_modules\yarn\bin\yarn.js install

PATH: 
  C:\WINDOWS\system32;C:\WINDOWS;C:\WINDOWS\System32\Wbem;C:\WINDOWS\System32\WindowsPowerShell\v1.0\;C:\Program Files (x86)\Silverfrost\FTN95;C:\Program Files\PostgreSQL\12\bin;C:\xampp\mysql\bin;C:\xampp\php;C:\ProgramData\ComposerSetup\bin;C:\Users\Kamil\AppData\Local\Programs\Python\Python37\Scripts;C:\Users\Kamil\AppData\Roaming\nvm;C:\Program Files\nodejs;C:\Program Files\Git\cmd;C:\WINDOWS\System32\OpenSSH\;C:\Users\Kamil\anaconda3;C:\Users\Kamil\anaconda3\Library\mingw-w64\bin;C:\Users\Kamil\anaconda3\Library\usr\bin;C:\Users\Kamil\anaconda3\Library\bin;C:\Users\Kamil\anaconda3\Scripts;C:\Users\Kamil\AppData\Roaming\npm;C:\Users\Kamil\AppData\Local\GitHubDesktop\bin;C:\Program Files\heroku\bin;C:\Users\Kamil\AppData\Roaming\Composer\vendor\bin;C:\Program Files\JetBrains\PyCharm Community Edition 2019.2.1\bin;;C:\xampp\mysql\bin;C:\Users\Kamil\AppData\Local\Programs\Microsoft VS Code\bin;C:\Users\Kamil\AppData\Roaming\nvm;C:\Program Files\nodejs;C:\Users\Kamil\AppData\Local\Microsoft\WindowsApps;

Yarn version: 
  1.22.17

Node version: 
  14.17.6

Platform: 
  win32 x64

Trace: 
  Error: unexpected end of file
      at Zlib.zlibOnError [as onerror] (zlib.js:188:17)

npm manifest: 
  {
    "name": "mvates-mobile",
    "version": "1.0.0",
    "main": "node_modules/expo/AppEntry.js",
    "scripts": {
      "start": "expo start",
      "android": "expo start --android",
      "ios": "expo start --ios",
      "web": "expo start --web",
      "eject": "expo eject"
    },
    "dependencies": {
      "expo": "~44.0.0",
      "expo-status-bar": "~1.2.0",
      "react": "17.0.1",
      "react-dom": "17.0.1",
      "react-native": "0.64.3",
      "react-native-web": "0.17.1"
    },
    "devDependencies": {
      "@babel/core": "^7.12.9",
      "@types/react": "~17.0.21",
      "@types/react-native": "~0.64.12",
      "typescript": "~4.3.5"
    },
    "private": true
  }

yarn manifest: 
  No manifest

Lockfile: 
  No lockfile
